<?xml version="1.0" encoding="UTF-8"?>
<testng-results skipped="0" failed="0" total="1" passed="1">
  <reporter-output>
  </reporter-output>
  <suite name="api-auto-AndJenkins" duration-ms="611" started-at="2022-05-05T08:10:25Z" finished-at="2022-05-05T08:10:25Z">
    <groups>
    </groups>
    <test name="save" duration-ms="611" started-at="2022-05-05T08:10:25Z" finished-at="2022-05-05T08:10:25Z">
      <class name="com.lemon.api.auto.cases.LoginCase_v1">
        <test-method status="PASS" signature="test()[pri:0, instance:com.lemon.api.auto.cases.LoginCase_v1@5a61f5df]" name="test" duration-ms="587" started-at="2022-05-05T16:10:25Z" finished-at="2022-05-05T16:10:25Z">
          <reporter-output>
          </reporter-output>
        </test-method> <!-- test -->
      </class> <!-- com.lemon.api.auto.cases.LoginCase_v1 -->
    </test> <!-- save -->
  </suite> <!-- api-auto-AndJenkins -->
</testng-results>
